<?xml version="1.0" encoding="UTF-8"?>
<!-- Generated by org.testng.reporters.JUnitReportReporter -->
<testsuite hostname="Santhosh.local" name="com.target.chess.RookMoveTest" tests="1" failures="0" timestamp="25 Sep 2017 16:20:54 GMT" time="0.038" errors="0">
  <testcase name="test1RookMove" time="0.038" classname="com.target.chess.RookMoveTest"/>
</testsuite> <!-- com.target.chess.RookMoveTest -->
