<?xml version="1.0" encoding="UTF-8"?>
<!-- Generated by org.testng.reporters.JUnitReportReporter -->
<testsuite hostname="Santhosh.local" name="com.target.chess.KingMoveTest" tests="2" failures="0" timestamp="25 Sep 2017 17:35:17 GMT" time="0.046" errors="0">
  <testcase name="test5KingMove" time="0.043" classname="com.target.chess.KingMoveTest"/>
  <testcase name="test5KingMoveInvalid" time="0.003" classname="com.target.chess.KingMoveTest"/>
</testsuite> <!-- com.target.chess.KingMoveTest -->
