<?xml version="1.0" encoding="UTF-8"?>
<!-- Generated by org.testng.reporters.JUnitReportReporter -->
<testsuite hostname="Santhosh.local" name="com.target.chess.QueenMoveTest" tests="2" failures="0" timestamp="25 Sep 2017 16:36:36 GMT" time="0.045" errors="0">
  <testcase name="test4QueenMove" time="0.039" classname="com.target.chess.QueenMoveTest"/>
  <testcase name="test4QueenMoveInvalid" time="0.006" classname="com.target.chess.QueenMoveTest"/>
</testsuite> <!-- com.target.chess.QueenMoveTest -->
