<?xml version="1.0" encoding="UTF-8"?>
<!-- Generated by org.testng.reporters.JUnitReportReporter -->
<testsuite hostname="Santhosh.local" name="com.target.chess.BishopMoveTest" tests="2" failures="0" timestamp="25 Sep 2017 16:31:28 GMT" time="0.031" errors="0">
  <testcase name="test3bishopMove" time="0.029" classname="com.target.chess.BishopMoveTest"/>
  <testcase name="test3bishopMoveInvalid" time="0.002" classname="com.target.chess.BishopMoveTest"/>
</testsuite> <!-- com.target.chess.BishopMoveTest -->
