<?xml version="1.0" encoding="UTF-8"?>
<!-- Generated by org.testng.reporters.JUnitReportReporter -->
<testsuite hostname="Santhosh.local" name="com.target.chess.KnightMoveTest" tests="3" failures="0" timestamp="25 Sep 2017 17:35:24 GMT" time="0.037" errors="0">
  <testcase name="test0KnightMove" time="0.033" classname="com.target.chess.KnightMoveTest"/>
  <testcase name="test0KnightMoveInvalidMove" time="0.001" classname="com.target.chess.KnightMoveTest"/>
  <testcase name="test0KnightMoveInvalidCapture" time="0.003" classname="com.target.chess.KnightMoveTest"/>
</testsuite> <!-- com.target.chess.KnightMoveTest -->
