<?xml version="1.0" encoding="UTF-8"?>
<!-- Generated by org.testng.reporters.JUnitReportReporter -->
<testsuite hostname="Santhosh.local" name="com.target.chess.PawnMoveTest" tests="2" failures="0" timestamp="25 Sep 2017 17:35:34 GMT" time="0.030" errors="0">
  <testcase name="test0PawnMove" time="0.028" classname="com.target.chess.PawnMoveTest"/>
  <testcase name="test0PawnMoveInvalid" time="0.002" classname="com.target.chess.PawnMoveTest"/>
</testsuite> <!-- com.target.chess.PawnMoveTest -->
