<?xml version="1.0" encoding="UTF-8"?>
<!-- Generated by org.testng.reporters.JUnitReportReporter -->
<testsuite hostname="Santhosh.local" name="com.target.chess.ChessCommandTest" tests="5" failures="0" timestamp="25 Sep 2017 15:54:09 GMT" time="0.054" errors="0">
  <testcase name="bishopMoveTest" time="0.039" classname="com.target.chess.ChessCommandTest"/>
  <testcase name="knightMoveTest" time="0.003" classname="com.target.chess.ChessCommandTest"/>
  <testcase name="kingMoveTest" time="0.004" classname="com.target.chess.ChessCommandTest"/>
  <testcase name="queenMoveTest" time="0.003" classname="com.target.chess.ChessCommandTest"/>
  <testcase name="rookMoveTest" time="0.005" classname="com.target.chess.ChessCommandTest"/>
</testsuite> <!-- com.target.chess.ChessCommandTest -->
